<?xml version="1.0" encoding="UTF-8"?>
<testng-results ignored="0" total="1" passed="1" failed="0" skipped="0">
  <reporter-output>
  </reporter-output>
  <suite started-at="2022-02-06T21:49:56 EET" name="Default suite" finished-at="2022-02-06T21:50:00 EET" duration-ms="3677">
    <groups>
    </groups>
    <test started-at="2022-02-06T21:49:56 EET" name="Default test" finished-at="2022-02-06T21:50:00 EET" duration-ms="3677">
      <class name="maven.selenium.AssertionDemo">
        <test-method signature="getTitle()[pri:0, instance:maven.selenium.AssertionDemo@1817d444]" started-at="2022-02-06T21:49:56 EET" name="getTitle" finished-at="2022-02-06T21:50:00 EET" duration-ms="3638" status="PASS">
          <reporter-output>
          </reporter-output>
        </test-method> <!-- getTitle -->
      </class> <!-- maven.selenium.AssertionDemo -->
    </test> <!-- Default test -->
  </suite> <!-- Default suite -->
</testng-results>
